a:\cheatki\kx-internal\universalhookx\obj\release x64\menu.obj
a:\cheatki\kx-internal\universalhookx\obj\release x64\custom.obj
a:\cheatki\kx-internal\universalhookx\obj\release x64\vehicle.obj
a:\cheatki\kx-internal\universalhookx\obj\release x64\imgui_impl_win32.obj
a:\cheatki\kx-internal\universalhookx\obj\release x64\hook_opengl.obj
a:\cheatki\kx-internal\universalhookx\obj\release x64\console.obj
a:\cheatki\kx-internal\universalhookx\obj\release x64\imgui_impl_dx9.obj
a:\cheatki\kx-internal\universalhookx\obj\release x64\hook_vulkan.obj
a:\cheatki\kx-internal\universalhookx\obj\release x64\imgui.obj
a:\cheatki\kx-internal\universalhookx\obj\release x64\font_a.obj
a:\cheatki\kx-internal\universalhookx\obj\release x64\hook_directx11.obj
a:\cheatki\kx-internal\universalhookx\obj\release x64\hook_directx12.obj
a:\cheatki\kx-internal\universalhookx\obj\release x64\imgui_demo.obj
a:\cheatki\kx-internal\universalhookx\obj\release x64\dllmain.obj
a:\cheatki\kx-internal\universalhookx\obj\release x64\imgui_impl_dx10.obj
a:\cheatki\kx-internal\universalhookx\obj\release x64\utils.obj
a:\cheatki\kx-internal\universalhookx\obj\release x64\imgui_impl_dx11.obj
a:\cheatki\kx-internal\universalhookx\obj\release x64\encryptfunction.obj
a:\cheatki\kx-internal\universalhookx\obj\release x64\hook_directx9.obj
a:\cheatki\kx-internal\universalhookx\obj\release x64\imgui_tables.obj
a:\cheatki\kx-internal\universalhookx\obj\release x64\hooks.obj
a:\cheatki\kx-internal\universalhookx\obj\release x64\imgui_impl_opengl3.obj
a:\cheatki\kx-internal\universalhookx\obj\release x64\hook_directx10.obj
a:\cheatki\kx-internal\universalhookx\obj\release x64\imgui_draw.obj
a:\cheatki\kx-internal\universalhookx\obj\release x64\imgui_widgets.obj
a:\cheatki\kx-internal\universalhookx\obj\release x64\vc143.pdb
a:\cheatki\kx-internal\universalhookx\obj\release x64\imgui_impl_dx12.obj
a:\cheatki\kx-internal\universalhookx\obj\release x64\hook.obj
a:\cheatki\kx-internal\universalhookx\obj\release x64\trampoline.obj
a:\cheatki\kx-internal\universalhookx\obj\release x64\hde32.obj
a:\cheatki\kx-internal\universalhookx\obj\release x64\buffer.obj
a:\cheatki\kx-internal\universalhookx\obj\release x64\hde64.obj
c:\users\almig\appdata\local\fivem\fivem.app\plugins\d3d10.pdb
a:\cheatki\kx-internal\universalhookx\obj\release x64\d3d10.ipdb
a:\cheatki\kx-internal\universalhookx\obj\release x64\d3d10.iobj
a:\cheatki\kx-internal\universalhookx\obj\release x64\vc142.pdb
a:\cheatki\kx-internal\universalhookx\obj\release x64\çpç.tlog\cl.command.1.tlog
a:\cheatki\kx-internal\universalhookx\obj\release x64\çpç.tlog\cl.items.tlog
a:\cheatki\kx-internal\universalhookx\obj\release x64\çpç.tlog\cl.read.1.tlog
a:\cheatki\kx-internal\universalhookx\obj\release x64\çpç.tlog\cl.write.1.tlog
a:\cheatki\kx-internal\universalhookx\obj\release x64\çpç.tlog\link.command.1.tlog
a:\cheatki\kx-internal\universalhookx\obj\release x64\çpç.tlog\link.read.1.tlog
a:\cheatki\kx-internal\universalhookx\obj\release x64\çpç.tlog\link.secondary.1.tlog
a:\cheatki\kx-internal\universalhookx\obj\release x64\çpç.tlog\link.write.1.tlog
