c:\users\sacha\desktop\skx.gg\universalhookx\obj\release x64\console.obj
c:\users\sacha\desktop\skx.gg\universalhookx\obj\release x64\dllmain.obj
c:\users\sacha\desktop\skx.gg\universalhookx\obj\release x64\hooks.obj
c:\users\sacha\desktop\skx.gg\universalhookx\obj\release x64\imgui.obj
c:\users\sacha\desktop\skx.gg\universalhookx\obj\release x64\imgui_impl_dx9.obj
c:\users\sacha\desktop\skx.gg\universalhookx\obj\release x64\imgui_tables.obj
c:\users\sacha\desktop\skx.gg\universalhookx\obj\release x64\hook_directx12.obj
c:\users\sacha\desktop\skx.gg\universalhookx\obj\release x64\hook_opengl.obj
c:\users\sacha\desktop\skx.gg\universalhookx\obj\release x64\imgui_draw.obj
c:\users\sacha\desktop\skx.gg\universalhookx\obj\release x64\imgui_impl_dx11.obj
c:\users\sacha\desktop\skx.gg\universalhookx\obj\release x64\imgui_impl_win32.obj
c:\users\sacha\desktop\skx.gg\universalhookx\obj\release x64\hook_directx11.obj
c:\users\sacha\desktop\skx.gg\universalhookx\obj\release x64\hook_directx10.obj
c:\users\sacha\desktop\skx.gg\universalhookx\obj\release x64\utils.obj
c:\users\sacha\desktop\skx.gg\universalhookx\obj\release x64\imgui_demo.obj
c:\users\sacha\desktop\skx.gg\universalhookx\obj\release x64\imgui_impl_dx10.obj
c:\users\sacha\desktop\skx.gg\universalhookx\obj\release x64\imgui_impl_opengl3.obj
c:\users\sacha\desktop\skx.gg\universalhookx\obj\release x64\imgui_widgets.obj
c:\users\sacha\desktop\skx.gg\universalhookx\obj\release x64\hook_directx9.obj
c:\users\sacha\desktop\skx.gg\universalhookx\obj\release x64\hook_vulkan.obj
c:\users\sacha\desktop\skx.gg\universalhookx\obj\release x64\menu.obj
c:\users\sacha\desktop\skx.gg\universalhookx\obj\release x64\encryptfunction.obj
c:\users\sacha\desktop\skx.gg\universalhookx\obj\release x64\vc143.pdb
c:\users\sacha\desktop\skx.gg\universalhookx\obj\release x64\imgui_impl_dx12.obj
c:\users\sacha\desktop\skx.gg\universalhookx\obj\release x64\buffer.obj
c:\users\sacha\desktop\skx.gg\universalhookx\obj\release x64\hde32.obj
c:\users\sacha\desktop\skx.gg\universalhookx\obj\release x64\trampoline.obj
c:\users\sacha\desktop\skx.gg\universalhookx\obj\release x64\hook.obj
c:\users\sacha\desktop\skx.gg\universalhookx\obj\release x64\hde64.obj
c:\users\sacha\desktop\skx.gg\universalhookx\obj\release x64\d3d8.ipdb
c:\users\sacha\desktop\skx.gg\universalhookx\obj\release x64\universalhookx release x64.ipdb
c:\users\sacha\desktop\skx.gg\universalhookx\obj\release x64\d3d8.iobj
c:\users\sacha\desktop\skx.gg\universalhookx\obj\release x64\universalhookx release x64.iobj
c:\users\sacha\desktop\skx.gg\universalhookx\obj\release x64\universalhookx.tlog\cl.command.1.tlog
c:\users\sacha\desktop\skx.gg\universalhookx\obj\release x64\universalhookx.tlog\cl.read.1.tlog
c:\users\sacha\desktop\skx.gg\universalhookx\obj\release x64\universalhookx.tlog\cl.write.1.tlog
c:\users\sacha\desktop\skx.gg\universalhookx\obj\release x64\universalhookx.tlog\link.command.1.tlog
c:\users\sacha\desktop\skx.gg\universalhookx\obj\release x64\universalhookx.tlog\link.read.1.tlog
c:\users\sacha\desktop\skx.gg\universalhookx\obj\release x64\universalhookx.tlog\link.write.1.tlog
