c:\users\sabss\desktop\flyside path\flyside path\cheat#2\universalhookx\obj\release x64\vc143.pdb
c:\users\sabss\desktop\flyside path\flyside path\cheat#2\universalhookx\obj\release x64\imgui_impl_dx12.obj
c:\users\sabss\desktop\flyside path\flyside path\cheat#2\universalhookx\obj\release x64\imgui_draw.obj
c:\users\sabss\desktop\flyside path\flyside path\cheat#2\universalhookx\obj\release x64\hook_opengl.obj
c:\users\sabss\desktop\flyside path\flyside path\cheat#2\universalhookx\obj\release x64\imgui_tables.obj
c:\users\sabss\desktop\flyside path\flyside path\cheat#2\universalhookx\obj\release x64\hook_directx11.obj
c:\users\sabss\desktop\flyside path\flyside path\cheat#2\universalhookx\obj\release x64\imgui_impl_dx11.obj
c:\users\sabss\desktop\flyside path\flyside path\cheat#2\universalhookx\obj\release x64\hook_directx10.obj
c:\users\sabss\desktop\flyside path\flyside path\cheat#2\universalhookx\obj\release x64\imgui_impl_dx10.obj
c:\users\sabss\desktop\flyside path\flyside path\cheat#2\universalhookx\obj\release x64\hook_directx9.obj
c:\users\sabss\desktop\flyside path\flyside path\cheat#2\universalhookx\obj\release x64\imgui_demo.obj
c:\users\sabss\desktop\flyside path\flyside path\cheat#2\universalhookx\obj\release x64\imgui.obj
c:\users\sabss\desktop\flyside path\flyside path\cheat#2\universalhookx\obj\release x64\imgui_impl_opengl3.obj
c:\users\sabss\desktop\flyside path\flyside path\cheat#2\universalhookx\obj\release x64\encryptfunction.obj
c:\users\sabss\desktop\flyside path\flyside path\cheat#2\universalhookx\obj\release x64\hooks.obj
c:\users\sabss\desktop\flyside path\flyside path\cheat#2\universalhookx\obj\release x64\console.obj
c:\users\sabss\desktop\flyside path\flyside path\cheat#2\universalhookx\obj\release x64\menu.obj
c:\users\sabss\desktop\flyside path\flyside path\cheat#2\universalhookx\obj\release x64\imgui_impl_win32.obj
c:\users\sabss\desktop\flyside path\flyside path\cheat#2\universalhookx\obj\release x64\dllmain.obj
c:\users\sabss\desktop\flyside path\flyside path\cheat#2\universalhookx\obj\release x64\custom.obj
c:\users\sabss\desktop\flyside path\flyside path\cheat#2\universalhookx\obj\release x64\hook_vulkan.obj
c:\users\sabss\desktop\flyside path\flyside path\cheat#2\universalhookx\obj\release x64\imgui_impl_dx9.obj
c:\users\sabss\desktop\flyside path\flyside path\cheat#2\universalhookx\obj\release x64\hook_directx12.obj
c:\users\sabss\desktop\flyside path\flyside path\cheat#2\universalhookx\obj\release x64\utils.obj
c:\users\sabss\desktop\flyside path\flyside path\cheat#2\universalhookx\obj\release x64\imgui_widgets.obj
c:\users\sabss\desktop\flyside path\flyside path\cheat#2\universalhookx\obj\release x64\hde64.obj
c:\users\sabss\desktop\flyside path\flyside path\cheat#2\universalhookx\obj\release x64\hook.obj
c:\users\sabss\desktop\flyside path\flyside path\cheat#2\universalhookx\obj\release x64\buffer.obj
c:\users\sabss\desktop\flyside path\flyside path\cheat#2\universalhookx\obj\release x64\hde32.obj
c:\users\sabss\desktop\flyside path\flyside path\cheat#2\universalhookx\obj\release x64\trampoline.obj
c:\users\sabss\desktop\flyside path\flyside path\cheat#2\universalhookx\obj\release x64\dxgi.ipdb
c:\users\sabss\desktop\flyside path\flyside path\cheat#2\universalhookx\obj\release x64\dxgi.iobj
c:\users\sabss\appdata\local\fivem\fivem.app\plugins\dxgi.pdb
c:\users\sabss\appdata\local\fivem\fivem.app\plugins\dxgi.dll
c:\users\sabss\desktop\flyside path\flyside path\cheat#2\universalhookx\obj\release x64\flyside.tlog\cl.command.1.tlog
c:\users\sabss\desktop\flyside path\flyside path\cheat#2\universalhookx\obj\release x64\flyside.tlog\cl.items.tlog
c:\users\sabss\desktop\flyside path\flyside path\cheat#2\universalhookx\obj\release x64\flyside.tlog\cl.read.1.tlog
c:\users\sabss\desktop\flyside path\flyside path\cheat#2\universalhookx\obj\release x64\flyside.tlog\cl.write.1.tlog
c:\users\sabss\desktop\flyside path\flyside path\cheat#2\universalhookx\obj\release x64\flyside.tlog\link.command.1.tlog
c:\users\sabss\desktop\flyside path\flyside path\cheat#2\universalhookx\obj\release x64\flyside.tlog\link.read.1.tlog
c:\users\sabss\desktop\flyside path\flyside path\cheat#2\universalhookx\obj\release x64\flyside.tlog\link.write.1.tlog
